goroutine 7530 gp=0x4006433dc0 m=15 mp=0x4000c00008 [syscall]:
runtime.cgocall(0x3426250, 0x4006631380)
	GOROOT/src/runtime/cgocall.go:167 +0x44 fp=0x4005a9a860 sp=0x4005a9a820 pc=0x2e84424
github.com/ebitengine/purego.syscall_syscall15X(0xe760184e2344, 0xe75ff84165c0, 0x400bd258f0, 0x400bd25bc0, 0x400bd25bf0, 0x3ad, 0x0, 0x0, 0x0, 0x0, ...)
	external/com_github_ebitengine_purego/syscall_sysv.go:27 +0x1b4 fp=0x4005a9a9a0 sp=0x4005a9a860 pc=0x3425544
github.com/ebitengine/purego.SyscallN(0xe760184e2344?, {0x400bd25c20?, 0x400bd25bf0?, 0x0?})
	external/com_github_ebitengine_purego/syscall.go:55 +0xa0 fp=0x4005a9aab0 sp=0x4005a9a9a0 pc=0x3425330
github.com/DataDog/go-libddwaf/v4/internal/bindings.(*WAFLib).syscall(...)
	external/com_github_datadog_go_libddwaf_v4/internal/bindings/waf_dl.go:262
github.com/DataDog/go-libddwaf/v4/internal/bindings.(*WAFLib).Run(0x4000162c60, 0xe75ff84165c0, 0x400bd258f0, 0x400bd25bc0, 0x400bd25bf0, 0x3ad)
	external/com_github_datadog_go_libddwaf_v4/internal/bindings/waf_dl.go:233 +0xf8 fp=0x4005a9ab30 sp=0x4005a9aab0 pc=0x342f118
github.com/DataDog/go-libddwaf/v4.(*Context).run(0x4012311040, 0x400bd258f0, 0x400bd25bc0, {0xf80ac0, 0x400b81cdc0})
	external/com_github_datadog_go_libddwaf_v4/context.go:233 +0x128 fp=0x4005a9ad30 sp=0x4005a9ab30 pc=0x3444c08
github.com/DataDog/go-libddwaf/v4.(*Context).Run(0x4012311040, {0x4014e74420?, 0x4014e74450?, {0xa6ad51?, 0x4005a51058?}})
	external/com_github_datadog_go_libddwaf_v4/context.go:151 +0x360 fp=0x4005a9afb0 sp=0x4005a9ad30 pc=0x3444340
github.com/DataDog/dd-trace-go/v2/internal/appsec/emitter/waf.(*ContextOperation).Run(0x401297d050, {0xf431d8, 0x400bd3e120}, {0x4014e74420?, 0x4014e74450?, {0xa6ad51?, 0x4005a51218?}})
	external/com_github_datadog_dd_trace_go_v2/internal/appsec/emitter/waf/run.go:43 +0x104 fp=0x4005a9b1a0 sp=0x4005a9afb0 pc=0x3498ad4
github.com/DataDog/dd-trace-go/v2/internal/appsec/listener/grpcsec.(*Feature).OnStart(0x0?, 0x400bd3e120, {{0xb0ae43, 0x32}, 0x4014e740f0, {0x40131bc348, 0x13}})
	external/com_github_datadog_dd_trace_go_v2/internal/appsec/listener/grpcsec/grpc.go:54 +0x254 fp=0x4005a9b270 sp=0x4005a9b1a0 pc=0x34dc1a4
github.com/DataDog/dd-trace-go/v2/internal/appsec/listener/grpcsec.(*Feature).OnStart-fm(0x615720?, {{0xb0ae43, 0x32}, 0x4014e740f0, {0x40131bc348, 0x13}})
	<autogenerated>:1 +0x54 fp=0x4005a9b2c0 sp=0x4005a9b270 pc=0x34dcc54
github.com/DataDog/dd-trace-go/v2/instrumentation/appsec/dyngo.emitEvent[...](0x49f220, 0x400bd3e120?, {{0xb0ae43, 0x32}, 0x4014e740f0, {0x40131bc348, 0x13}})
	external/com_github_datadog_dd_trace_go_v2/instrumentation/appsec/dyngo/operation.go:379 +0x14c fp=0x4005a9b390 sp=0x4005a9b2c0 pc=0x34ab68c
github.com/DataDog/dd-trace-go/v2/instrumentation/appsec/dyngo.StartOperation[...](...)
	external/com_github_datadog_dd_trace_go_v2/instrumentation/appsec/dyngo/operation.go:190
github.com/DataDog/dd-trace-go/v2/instrumentation/appsec/dyngo.StartAndRegisterOperation[...]({0xf5bdf8, 0x4014e74330}, 0x400bd3e120, {{0xb0ae43, 0x32}, 0x4014e740f0, {0x40131bc348, 0x13}})
	external/com_github_datadog_dd_trace_go_v2/instrumentation/appsec/dyngo/operation.go:196 +0xac fp=0x4005a9b420 sp=0x4005a9b390 pc=0x34ab4cc
github.com/DataDog/dd-trace-go/v2/instrumentation/appsec/emitter/grpcsec.StartHandlerOperation({0xf5bdf8, 0x4014e74090}, {0xf22400, 0x40075ccc60}, {{0xb0ae43, 0x32}, 0x4014e740f0, {0x40131bc348, 0x13}})
	external/com_github_datadog_dd_trace_go_v2/instrumentation/appsec/emitter/grpcsec/grpc.go:96 +0x1a0 fp=0x4005a9b4b0 sp=0x4005a9b420 pc=0x34aaec0
github.com/DataDog/dd-trace-go/contrib/google.golang.org/grpc/v2.UnaryServerInterceptor.func1.appsecUnaryHandlerMiddleware.3({0xf5bdf8, 0x4014e74090}, {0x7777a0, 0x400bb0e640})
	external/com_github_datadog_dd_trace_go_contrib_google_golang_org_grpc_v2/appsec.go:47 +0xc8 fp=0x4005a9b600 sp=0x4005a9b4b0 pc=0x3757118
github.com/DataDog/dd-trace-go/contrib/google.golang.org/grpc/v2.UnaryServerInterceptor.func1({0xf5bdf8, 0x4014e21ce0}, {0x7777a0, 0x400bb0e640}, 0x400bd13f00, 0x4012311000)
	external/com_github_datadog_dd_trace_go_contrib_google_golang_org_grpc_v2/server.go:153 +0x864 fp=0x4005a9b870 sp=0x4005a9b600 pc=0x3756c24
google.golang.org/grpc.NewServer.chainUnaryServerInterceptors.chainUnaryInterceptors.func1({0xf5bdf8, 0x4014e21ce0}, {0x7777a0, 0x400bb0e640}, 0x400bd13f00, 0x32d6ff8?)
	external/org_golang_google_grpc/server.go:1232 +0x78 fp=0x4005a9b8c0 sp=0x4005a9b870 pc=0x32d2f58
github.com/DataDog/dd-source/domains/ugp/shared/libs/proto/intakepb._UnifiedGraphPlatformIntake_BatchAddNodes_Handler({0x5c3260, 0x40080b11a0}, {0xf5bdf8, 0x4014e21ce0}, 0x400b89c400, 0x40001a4340)
	domains/ugp/shared/libs/proto/intakepb/intakepb_grpc.pb.go:98 +0x140 fp=0x4005a9b910 sp=0x4005a9b8c0 pc=0x4b734c0
google.golang.org/grpc.(*Server).processUnaryRPC(0x40043a9b08, {0xf5bdf8, 0x4014e21bc0}, 0x400bb0c1a0, 0x40080b1230, 0x5b01540, 0x0)
	external/org_golang_google_grpc/server.go:1428 +0xcf4 fp=0x4005a9bdb0 sp=0x4005a9b910 pc=0x32d7134
google.golang.org/grpc.(*Server).handleStream(0x40043a9b08, {0xf5c218, 0x400067aea0}, 0x400bb0c1a0)
	external/org_golang_google_grpc/server.go:1832 +0x9d0 fp=0x4005a9bf60 sp=0x4005a9bdb0 pc=0x32dade0
google.golang.org/grpc.(*Server).serveStreams.func2.1()
	external/org_golang_google_grpc/server.go:1063 +0x74 fp=0x4005a9bfd0 sp=0x4005a9bf60 pc=0x32d5194
runtime.goexit({})
	src/runtime/asm_arm64.s:1268 +0x4 fp=0x4005a9bfd0 sp=0x4005a9bfd0 pc=0x2e92604
created by google.golang.org/grpc.(*Server).serveStreams.func2 in goroutine 568
	external/org_golang_google_grpc/server.go:1074 +0x120
